2026-07-14 12:11:52,400  INFO Running main
2026-07-14 12:11:52,407  INFO parsing args: Namespace(in2026-07-14 12:11:52,414  INFO done with validate.py
2026-07-14 12:11:52,414  INFO running analyze.py
2026-07-14 12:11:52,476  INFO done  analyze.py
2026-07-14 12:11:52,476  INFO running reports.py
2026-07-14 12:11:52,533  INFO done with reports.py
2026-07-14 12:11:52,533  INFO finished pipeline
ejected BRAC1
 Reason:  NOT a valid sequence
2026-07-14 12:11:52,407  INFO  done writing to output/validated.csv
2026-07-14 12:11:52,408  INFO DONE
2026-07-14 12:11:52,461 INFO Starting main
2026-07-14 12:11:52,468 INFO parsing args: Namespace(input='output/validated.csv', output='output/analysis.csv')
2026-07-14 12:11:52,468 INFO reading input file: output/validated.csv
2026-07-14 12:11:52,469 INFO writing output file: output/analysis.csv
2026-07-14 12:11:52,470 INFO calculating statistics 
2026-07-14 12:11:52,470 INFO Finished main
2026-07-14 12:11:52,518  INFO opening main
2026-07-14 12:11:52,525  INFO parsing arguments Namespace(input='output/analysis.csv', output='output/final_report.txt')
2026-07-14 12:11:52,525  INFO reading input file output/analysis.csv
2026-07-14 12:11:52,526  INFO calculating statistics for TP53
2026-07-14 12:11:52,526  INFO calculating statistics for MYC
2026-07-14 12:11:52,526  INFO calculating statistics for KRAS
2026-07-14 12:11:52,526  INFO writing report
2026-07-14 12:11:52,526  INFO writing report
2026-07-14 12:11:52,527  INFO done
